[2020-03-04 14:43:46,603] - [root] - [INFO] - === processing === (get_data.py:7)
[2020-03-04 14:43:46,612] - [root] - [INFO] - === downloading files === (get_data.py:9)
[2020-03-04 14:43:47,174] - [root] - [INFO] - [get_data] open maskdata.csv -> Success (get_data.py:14)
[2020-03-04 14:43:47,176] - [root] - [INFO] - === download completed === (get_data.py:15)
[2020-03-04 14:43:52,188] - [root] - [INFO] - === processing === (get_data.py:7)
[2020-03-04 14:43:52,189] - [root] - [INFO] - === downloading files === (get_data.py:9)
[2020-03-04 14:43:52,565] - [root] - [INFO] - [get_data] open maskdata.csv -> Success (get_data.py:14)
[2020-03-04 14:43:52,567] - [root] - [INFO] - === download completed === (get_data.py:15)
[2020-03-04 14:50:06,712] - [root] - [INFO] - Request body: {"events":[{"type":"message","replyToken":"9b24f3bdaf874a4695a6a453f1ffcb7a","source":{"userId":"Uf0d2e5bfb1c93112be0b3694df2809e8","type":"user"},"timestamp":1583304605989,"mode":"active","message":{"type":"text","id":"11537227655495","text":"q"}}],"destination":"Ua9f72327eeedbeb34857615a962e8be9"} (app.py:223)
[2020-03-04 14:50:06,714] - [root] - [INFO] - [other] output qです (app.py:208)
[2020-03-04 14:50:06,715] - [root] - [INFO] - retext size: 3 (app.py:254)
[2020-03-04 14:50:11,211] - [root] - [INFO] - Request body: {"events":[{"type":"message","replyToken":"fc07d5a0f00141bb9cf267a62166136a","source":{"userId":"Uf0d2e5bfb1c93112be0b3694df2809e8","type":"user"},"timestamp":1583304610627,"mode":"active","message":{"type":"text","id":"11537227993784","text":"--hekp"}}],"destination":"Ua9f72327eeedbeb34857615a962e8be9"} (app.py:223)
[2020-03-04 14:50:11,212] - [root] - [INFO] - [other] output --hekpです (app.py:208)
[2020-03-04 14:50:11,212] - [root] - [INFO] - retext size: 8 (app.py:254)
[2020-03-04 14:50:14,025] - [root] - [INFO] - Request body: {"events":[{"type":"message","replyToken":"b2d321d05cae411fac8a539c42e8e2ee","source":{"userId":"Uf0d2e5bfb1c93112be0b3694df2809e8","type":"user"},"timestamp":1583304613514,"mode":"active","message":{"type":"text","id":"11537228206423","text":"--help"}}],"destination":"Ua9f72327eeedbeb34857615a962e8be9"} (app.py:223)
[2020-03-04 14:50:14,025] - [root] - [INFO] - [call] --help (app.py:89)
[2020-03-04 14:50:14,026] - [root] - [INFO] - retext size: 191 (app.py:254)
[2020-03-04 14:50:16,774] - [root] - [INFO] - Request body: {"events":[{"type":"message","replyToken":"97b1453ceeac4ead8776e03979fb5ee3","source":{"userId":"Uf0d2e5bfb1c93112be0b3694df2809e8","type":"user"},"timestamp":1583304616250,"mode":"active","message":{"type":"text","id":"11537228403878","text":"whoami"}}],"destination":"Ua9f72327eeedbeb34857615a962e8be9"} (app.py:223)
[2020-03-04 14:50:16,776] - [root] - [INFO] - [call] whoami (app.py:105)
[2020-03-04 14:50:16,776] - [root] - [INFO] - retext size: 9 (app.py:254)
[2020-03-04 14:50:19,678] - [root] - [INFO] - Request body: {"events":[{"type":"message","replyToken":"066e7a373a7c4cabaf582e54bd39aa06","source":{"userId":"Uf0d2e5bfb1c93112be0b3694df2809e8","type":"user"},"timestamp":1583304619167,"mode":"active","message":{"type":"text","id":"11537228609170","text":"mask710"}}],"destination":"Ua9f72327eeedbeb34857615a962e8be9"} (app.py:223)
[2020-03-04 14:50:19,679] - [root] - [INFO] - [call] mask710 (app.py:113)
[2020-03-04 14:50:19,680] - [root] - [INFO] - open tw-zipcode_de.json -> Success (app.py:35)
[2020-03-04 14:50:19,680] - [root] - [INFO] - [get_masks] open maskdata.csv -> Success (app.py:74)
[2020-03-04 14:50:19,691] - [root] - [INFO] - [mask] output 1~10 (app.py:133)
[2020-03-04 14:50:19,692] - [root] - [INFO] - retext size: 888 (app.py:254)
[2020-03-04 14:50:28,492] - [root] - [INFO] - Request body: {"events":[{"type":"message","replyToken":"7552a0fe8ffc481994d36210db953e6d","source":{"userId":"Uf0d2e5bfb1c93112be0b3694df2809e8","type":"user"},"timestamp":1583304627967,"mode":"active","message":{"type":"text","id":"11537229257664","text":"+"}}],"destination":"Ua9f72327eeedbeb34857615a962e8be9"} (app.py:223)
[2020-03-04 14:50:28,493] - [root] - [INFO] - [+] output 11~20 (app.py:166)
[2020-03-04 14:50:28,493] - [root] - [INFO] - retext size: 902 (app.py:254)
[2020-03-04 14:50:29,655] - [root] - [INFO] - Request body: {"events":[{"type":"message","replyToken":"18571725ee384017bf02653ac6c3337b","source":{"userId":"Uf0d2e5bfb1c93112be0b3694df2809e8","type":"user"},"timestamp":1583304629522,"mode":"active","message":{"type":"text","id":"11537229376600","text":"+"}}],"destination":"Ua9f72327eeedbeb34857615a962e8be9"} (app.py:223)
[2020-03-04 14:50:29,657] - [root] - [INFO] - [+] output 21~30 (app.py:166)
[2020-03-04 14:50:29,658] - [root] - [INFO] - retext size: 907 (app.py:254)
[2020-03-04 14:50:31,220] - [root] - [INFO] - Request body: {"events":[{"type":"message","replyToken":"93654de9940a4268afed6c69ca56dc2d","source":{"userId":"Uf0d2e5bfb1c93112be0b3694df2809e8","type":"user"},"timestamp":1583304630683,"mode":"active","message":{"type":"text","id":"11537229456944","text":"+"}}],"destination":"Ua9f72327eeedbeb34857615a962e8be9"} (app.py:223)
[2020-03-04 14:50:31,220] - [root] - [INFO] - [+] output 31~40 (app.py:166)
[2020-03-04 14:50:31,221] - [root] - [INFO] - retext size: 914 (app.py:254)
[2020-03-04 14:50:32,050] - [root] - [INFO] - Request body: {"events":[{"type":"message","replyToken":"990df5f8ccfc472c9115e7b05f0036cf","source":{"userId":"Uf0d2e5bfb1c93112be0b3694df2809e8","type":"user"},"timestamp":1583304631920,"mode":"active","message":{"type":"text","id":"11537229548794","text":"+"}}],"destination":"Ua9f72327eeedbeb34857615a962e8be9"} (app.py:223)
[2020-03-04 14:50:32,051] - [root] - [INFO] - [+] output 41~50 (app.py:166)
[2020-03-04 14:50:32,052] - [root] - [INFO] - retext size: 886 (app.py:254)
[2020-03-04 14:50:33,097] - [root] - [INFO] - Request body: {"events":[{"type":"message","replyToken":"78baab4fefc7422d8d1f07f071a64e0e","source":{"userId":"Uf0d2e5bfb1c93112be0b3694df2809e8","type":"user"},"timestamp":1583304632968,"mode":"active","message":{"type":"text","id":"11537229625017","text":"+"}}],"destination":"Ua9f72327eeedbeb34857615a962e8be9"} (app.py:223)
[2020-03-04 14:50:33,100] - [root] - [INFO] - [+] output 51~60 (app.py:166)
[2020-03-04 14:50:33,101] - [root] - [INFO] - retext size: 888 (app.py:254)
[2020-03-04 14:50:34,596] - [root] - [INFO] - Request body: {"events":[{"type":"message","replyToken":"69d46c2443ee4458bd678fedbd2bec5b","source":{"userId":"Uf0d2e5bfb1c93112be0b3694df2809e8","type":"user"},"timestamp":1583304634091,"mode":"active","message":{"type":"text","id":"11537229705321","text":"+"}}],"destination":"Ua9f72327eeedbeb34857615a962e8be9"} (app.py:223)
[2020-03-04 14:50:34,597] - [root] - [INFO] - [+] output 61~70 (app.py:166)
[2020-03-04 14:50:34,597] - [root] - [INFO] - retext size: 877 (app.py:254)
[2020-03-04 14:50:35,475] - [root] - [INFO] - Request body: {"events":[{"type":"message","replyToken":"c70f227df8474d4da20fbcde7e08ccb6","source":{"userId":"Uf0d2e5bfb1c93112be0b3694df2809e8","type":"user"},"timestamp":1583304635346,"mode":"active","message":{"type":"text","id":"11537229793969","text":"+"}}],"destination":"Ua9f72327eeedbeb34857615a962e8be9"} (app.py:223)
[2020-03-04 14:50:35,477] - [root] - [INFO] - [+] output 71~78 (app.py:169)
[2020-03-04 14:50:35,478] - [root] - [INFO] - retext size: 714 (app.py:254)
[2020-03-04 14:50:37,079] - [root] - [INFO] - Request body: {"events":[{"type":"message","replyToken":"76742b6bfbd642159a122c39235ca96d","source":{"userId":"Uf0d2e5bfb1c93112be0b3694df2809e8","type":"user"},"timestamp":1583304636539,"mode":"active","message":{"type":"text","id":"11537229880973","text":"+"}}],"destination":"Ua9f72327eeedbeb34857615a962e8be9"} (app.py:223)
[2020-03-04 14:50:37,081] - [root] - [INFO] - [+] no other data (app.py:160)
[2020-03-04 14:50:37,081] - [root] - [INFO] - retext size: 8 (app.py:254)
[2020-03-04 14:50:37,983] - [root] - [INFO] - Request body: {"events":[{"type":"message","replyToken":"d83402c99b374d53bdfc34152ebc9c9e","source":{"userId":"Uf0d2e5bfb1c93112be0b3694df2809e8","type":"user"},"timestamp":1583304637858,"mode":"active","message":{"type":"text","id":"11537229986953","text":"+"}}],"destination":"Ua9f72327eeedbeb34857615a962e8be9"} (app.py:223)
[2020-03-04 14:50:37,984] - [root] - [WARNING] - [+] no area data (app.py:156)
[2020-03-04 14:50:37,985] - [root] - [INFO] - retext size: 48 (app.py:254)
[2020-03-04 14:50:47,165] - [root] - [INFO] - Request body: {"events":[{"type":"message","replyToken":"a73559ea33064398b00571a674874e5e","source":{"userId":"Uf0d2e5bfb1c93112be0b3694df2809e8","type":"user"},"timestamp":1583304646642,"mode":"active","message":{"type":"text","id":"11537230619840","text":"zipcode台南市永康區"}}],"destination":"Ua9f72327eeedbeb34857615a962e8be9"} (app.py:223)
[2020-03-04 14:50:47,166] - [root] - [INFO] - [zipcode] open tw-zipcode.json -> Success (app.py:184)
[2020-03-04 14:50:47,167] - [root] - [INFO] - [zipcode] output 710 (app.py:198)
[2020-03-04 14:50:47,168] - [root] - [INFO] - retext size: 17 (app.py:254)
[2020-03-04 14:50:52,780] - [root] - [INFO] - Request body: {"events":[{"type":"message","replyToken":"5b79efd3a69d4bf6a12feacc735d0366","source":{"userId":"Uf0d2e5bfb1c93112be0b3694df2809e8","type":"user"},"timestamp":1583304652252,"mode":"active","message":{"type":"text","id":"11537231034560","text":"zipcode1231"}}],"destination":"Ua9f72327eeedbeb34857615a962e8be9"} (app.py:223)
[2020-03-04 14:50:52,782] - [root] - [INFO] - [zipcode] open tw-zipcode.json -> Success (app.py:184)
[2020-03-04 14:50:52,782] - [root] - [WARNING] - [zipcode] input ERROR (app.py:201)
[2020-03-04 14:50:52,783] - [root] - [INFO] - retext size: 69 (app.py:254)
[2020-03-04 14:56:21,285] - [root] - [INFO] - Request body: {"events":[{"type":"message","replyToken":"3fab32686709448fba84be0ab19d345d","source":{"userId":"Uf0d2e5bfb1c93112be0b3694df2809e8","type":"user"},"timestamp":1583304980540,"mode":"active","message":{"type":"text","id":"11537255033007","text":"q"}}],"destination":"U8741a6148392a35fed313529fb63984e"} (app.py:223)
[2020-03-04 14:57:12,374] - [root] - [INFO] - Request body: {"events":[{"type":"message","replyToken":"4dcf886dc8804e93923f2c3fcb1e67a5","source":{"userId":"Uf0d2e5bfb1c93112be0b3694df2809e8","type":"user"},"timestamp":1583305031860,"mode":"active","message":{"type":"location","id":"11537258777123","address":"701台灣台南市東區勝利路139巷35-36號","latitude":22.994341,"longitude":120.216941}}],"destination":"U8741a6148392a35fed313529fb63984e"} (app.py:223)
[2020-03-04 14:58:11,679] - [root] - [INFO] - Request body: {"events":[{"type":"message","replyToken":"b077d459a2734e56ba87fc76fdc3036b","source":{"userId":"Uf0d2e5bfb1c93112be0b3694df2809e8","type":"user"},"timestamp":1583305091147,"mode":"active","message":{"type":"text","id":"11537263117736","text":"q"}}],"destination":"U8741a6148392a35fed313529fb63984e"} (app.py:223)
[2020-03-04 14:58:21,692] - [root] - [INFO] - Request body: {"events":[{"type":"message","replyToken":"4ae301f608694696bf3fe2b9c6ce3917","source":{"userId":"Uf0d2e5bfb1c93112be0b3694df2809e8","type":"user"},"timestamp":1583305100943,"mode":"active","message":{"type":"text","id":"11537263834592","text":"q"}}],"destination":"Ua9f72327eeedbeb34857615a962e8be9"} (app.py:223)
[2020-03-04 14:58:21,694] - [root] - [INFO] - [other] output qです (app.py:208)
[2020-03-04 14:58:21,695] - [root] - [INFO] - retext size: 3 (app.py:254)
[2020-03-05 20:43:27,832] - [root] - [INFO] - Request body: {"events":[{"type":"message","replyToken":"32e9dfd9e8a244709f6e1967a0f8e791","source":{"userId":"Uf0d2e5bfb1c93112be0b3694df2809e8","type":"user"},"timestamp":1583412206892,"mode":"active","message":{"type":"text","id":"11544977188771","text":"test"}}],"destination":"Ua9f72327eeedbeb34857615a962e8be9"} (app.py:223)
[2020-03-05 20:45:06,801] - [root] - [INFO] - Request body: {"events":[{"type":"message","replyToken":"0df25d6a90a44b61bb3013fc4d887008","source":{"userId":"Uf0d2e5bfb1c93112be0b3694df2809e8","type":"user"},"timestamp":1583412305637,"mode":"active","message":{"type":"text","id":"11544986712196","text":"test"}}],"destination":"Ua9f72327eeedbeb34857615a962e8be9"} (app.py:223)
[2020-03-05 20:45:06,805] - [root] - [INFO] - message type: text (app.py:241)
[2020-03-05 20:45:06,806] - [root] - [INFO] - source type: user (app.py:242)
[2020-03-05 20:45:06,806] - [root] - [INFO] - [other] output testです (app.py:208)
[2020-03-05 20:45:06,807] - [root] - [INFO] - retext size: 6 (app.py:258)
[2020-03-05 20:50:59,637] - [root] - [INFO] - Request body: {"events":[{"type":"message","replyToken":"05a91ac7125f45a19a293354e32e2ff6","source":{"userId":"Uf0d2e5bfb1c93112be0b3694df2809e8","type":"user"},"timestamp":1583412658464,"mode":"active","message":{"type":"text","id":"11545020788995","text":"test"}}],"destination":"Ua9f72327eeedbeb34857615a962e8be9"} (app.py:223)
[2020-03-05 20:54:25,693] - [root] - [INFO] - Request body: {"events":[{"type":"message","replyToken":"345edee831564dd3ba9fcc3ed09d936f","source":{"userId":"Uf0d2e5bfb1c93112be0b3694df2809e8","type":"user"},"timestamp":1583412864526,"mode":"active","message":{"type":"text","id":"11545040703448","text":"test"}}],"destination":"Ua9f72327eeedbeb34857615a962e8be9"} (app.py:223)
[2020-03-05 20:54:49,560] - [root] - [INFO] - Request body: {"events":[{"type":"message","replyToken":"d1f0b1b3ae104960802c3bbe4f1c173e","source":{"userId":"Uf0d2e5bfb1c93112be0b3694df2809e8","type":"user"},"timestamp":1583412888596,"mode":"active","message":{"type":"text","id":"11545043048698","text":"test"}}],"destination":"Ua9f72327eeedbeb34857615a962e8be9"} (app.py:223)
[2020-03-05 20:54:49,564] - [root] - [INFO] - User: Uf0d2e5bfb1c93112be0b3694df2809e8 (app.py:240)
[2020-03-05 20:54:49,565] - [root] - [INFO] - message type: text (app.py:241)
[2020-03-05 20:54:49,565] - [root] - [INFO] - source type: user (app.py:242)
[2020-03-05 20:54:49,565] - [root] - [INFO] - [other] output testです (app.py:208)
[2020-03-05 20:54:49,566] - [root] - [INFO] - retext size: 6 (app.py:258)
[2020-03-05 20:56:36,760] - [root] - [INFO] - Request body: {"events":[{"type":"message","replyToken":"46d0731f0553471487acb8359cf8366e","source":{"userId":"Uf0d2e5bfb1c93112be0b3694df2809e8","type":"user"},"timestamp":1583412995796,"mode":"active","message":{"type":"location","id":"11545053553686","address":"710台灣台南市永康區富強路一段185巷10弄15號","latitude":23.018146,"longitude":120.273481}}],"destination":"Ua9f72327eeedbeb34857615a962e8be9"} (app.py:223)
[2020-03-05 20:56:36,763] - [root] - [INFO] - User: Uf0d2e5bfb1c93112be0b3694df2809e8 (app.py:240)
[2020-03-05 20:56:36,764] - [root] - [INFO] - message type: location (app.py:241)
[2020-03-05 20:56:36,766] - [root] - [INFO] - source type: user (app.py:242)
[2020-03-07 13:32:28,835] - [root] - [INFO] - Request body: {"events":[{"type":"message","replyToken":"24b517067b3e4e55bed896f245c05c99","source":{"userId":"Uf0d2e5bfb1c93112be0b3694df2809e8","type":"user"},"timestamp":1583559148020,"mode":"active","message":{"type":"location","id":"11554652247473","address":"710台灣台南市永康區富強路一段185巷10弄15號","latitude":23.018128,"longitude":120.27349}}],"destination":"Ua9f72327eeedbeb34857615a962e8be9"} (app.py:243)
[2020-03-07 13:32:28,844] - [root] - [INFO] - User: Uf0d2e5bfb1c93112be0b3694df2809e8 (app.py:260)
[2020-03-07 13:32:28,845] - [root] - [INFO] - message type: location (app.py:261)
[2020-03-07 13:32:28,845] - [root] - [INFO] - source type: user (app.py:262)
[2020-03-07 13:33:54,305] - [root] - [INFO] - Request body: {"events":[{"type":"message","replyToken":"b134e1edbc4e46d787358795d275250a","source":{"userId":"Uf0d2e5bfb1c93112be0b3694df2809e8","type":"user"},"timestamp":1583559233478,"mode":"active","message":{"type":"location","id":"11554658200651","address":"710台灣台南市永康區富強路一段185巷10弄15號","latitude":23.018135,"longitude":120.273497}}],"destination":"Ua9f72327eeedbeb34857615a962e8be9"} (app.py:244)
[2020-03-07 13:33:54,307] - [root] - [INFO] - User: Uf0d2e5bfb1c93112be0b3694df2809e8 (app.py:261)
[2020-03-07 13:33:54,307] - [root] - [INFO] - message type: location (app.py:262)
[2020-03-07 13:33:54,308] - [root] - [INFO] - source type: user (app.py:263)
[2020-03-07 13:35:00,858] - [root] - [INFO] - Request body: {"events":[{"type":"message","replyToken":"64ccb522d21e4e58a0d694997f5ce731","source":{"userId":"Uf0d2e5bfb1c93112be0b3694df2809e8","type":"user"},"timestamp":1583559300251,"mode":"active","message":{"type":"location","id":"11554662838441","address":"710台灣台南市永康區富強路一段185巷10弄15號","latitude":23.01814,"longitude":120.273488}}],"destination":"Ua9f72327eeedbeb34857615a962e8be9"} (app.py:245)
[2020-03-07 13:35:00,859] - [root] - [INFO] - User: Uf0d2e5bfb1c93112be0b3694df2809e8 (app.py:262)
[2020-03-07 13:35:00,859] - [root] - [INFO] - message type: location (app.py:263)
[2020-03-07 13:35:00,860] - [root] - [INFO] - source type: user (app.py:264)
[2020-03-07 13:35:23,715] - [root] - [INFO] - Request body: {"events":[{"type":"message","replyToken":"e361d96dd0da40aaa720a22ae0247ca5","source":{"userId":"Uf0d2e5bfb1c93112be0b3694df2809e8","type":"user"},"timestamp":1583559322476,"mode":"active","message":{"type":"location","id":"11554664372799","address":"710台灣台南市永康區富強路一段185巷10弄15號","latitude":23.01814,"longitude":120.273488}}],"destination":"Ua9f72327eeedbeb34857615a962e8be9"} (app.py:246)
[2020-03-07 13:35:23,717] - [root] - [INFO] - User: Uf0d2e5bfb1c93112be0b3694df2809e8 (app.py:263)
[2020-03-07 13:35:23,718] - [root] - [INFO] - message type: location (app.py:264)
[2020-03-07 13:35:23,718] - [root] - [INFO] - source type: user (app.py:265)
[2020-03-07 13:35:42,466] - [root] - [INFO] - Request body: {"events":[{"type":"message","replyToken":"b5a1cda6c16a4b23bd65e87db2574e55","source":{"userId":"Uf0d2e5bfb1c93112be0b3694df2809e8","type":"user"},"timestamp":1583559341826,"mode":"active","message":{"type":"location","id":"11554665724304","address":"710台灣台南市永康區富強路一段185巷10弄15號","latitude":23.018128,"longitude":120.273491}}],"destination":"Ua9f72327eeedbeb34857615a962e8be9"} (app.py:246)
[2020-03-07 13:35:42,470] - [root] - [INFO] - User: Uf0d2e5bfb1c93112be0b3694df2809e8 (app.py:263)
[2020-03-07 13:35:42,471] - [root] - [INFO] - message type: location (app.py:264)
[2020-03-07 13:35:42,471] - [root] - [INFO] - source type: user (app.py:265)
[2020-03-07 13:36:45,846] - [root] - [INFO] - Request body: {"events":[{"type":"message","replyToken":"8c35fc218fca4ee7bab9edaeaa32f1e3","source":{"userId":"Uf0d2e5bfb1c93112be0b3694df2809e8","type":"user"},"timestamp":1583559405039,"mode":"active","message":{"type":"location","id":"11554670120930","address":"710台灣台南市永康區富強路一段185巷10弄15號","latitude":23.018128,"longitude":120.273491}}],"destination":"Ua9f72327eeedbeb34857615a962e8be9"} (app.py:246)
[2020-03-07 13:36:45,851] - [root] - [INFO] - User: Uf0d2e5bfb1c93112be0b3694df2809e8 (app.py:263)
[2020-03-07 13:36:45,852] - [root] - [INFO] - message type: location (app.py:264)
[2020-03-07 13:36:45,853] - [root] - [INFO] - source type: user (app.py:265)
[2020-03-07 13:36:45,858] - [root] - [INFO] - === processing === (get_data.py:7)
[2020-03-07 13:36:45,859] - [root] - [INFO] - === downloading files === (get_data.py:9)
[2020-03-07 13:36:46,459] - [root] - [INFO] - [get_data] open maskdata.csv -> Success (get_data.py:14)
[2020-03-07 13:36:46,460] - [root] - [INFO] - === download completed === (get_data.py:15)
[2020-03-07 13:37:33,466] - [root] - [INFO] - Request body: {"events":[{"type":"message","replyToken":"0d0ccc3a23b84dcea06cb1fed53b9b1d","source":{"userId":"Uf0d2e5bfb1c93112be0b3694df2809e8","type":"user"},"timestamp":1583559452627,"mode":"active","message":{"type":"location","id":"11554673433912","address":"710台灣台南市永康區富強路一段185巷10弄15號","latitude":23.018128,"longitude":120.27349}}],"destination":"Ua9f72327eeedbeb34857615a962e8be9"} (app.py:246)
[2020-03-07 13:37:33,470] - [root] - [INFO] - User: Uf0d2e5bfb1c93112be0b3694df2809e8 (app.py:263)
[2020-03-07 13:37:33,471] - [root] - [INFO] - message type: location (app.py:264)
[2020-03-07 13:37:33,472] - [root] - [INFO] - source type: user (app.py:265)
[2020-03-07 14:14:36,710] - [root] - [INFO] - Request body: {"events":[{"type":"message","replyToken":"a4e3dbc90490482382259e01010b5e85","source":{"userId":"Uf0d2e5bfb1c93112be0b3694df2809e8","type":"user"},"timestamp":1583561675881,"mode":"active","message":{"type":"location","id":"11554828012959","address":"710台灣台南市永康區富強路一段185巷10弄15號","latitude":23.018128,"longitude":120.273491}}],"destination":"Ua9f72327eeedbeb34857615a962e8be9"} (app.py:275)
[2020-03-07 14:14:36,714] - [root] - [INFO] - User: Uf0d2e5bfb1c93112be0b3694df2809e8 (app.py:292)
[2020-03-07 14:14:36,714] - [root] - [INFO] - message type: location (app.py:293)
[2020-03-07 14:14:36,714] - [root] - [INFO] - source type: user (app.py:294)
[2020-03-07 14:14:36,718] - [root] - [INFO] - === processing === (get_data.py:7)
[2020-03-07 14:14:36,719] - [root] - [INFO] - === downloading files === (get_data.py:9)
[2020-03-07 14:14:37,247] - [root] - [INFO] - [get_data] open maskdata.csv -> Success (get_data.py:14)
[2020-03-07 14:14:37,247] - [root] - [INFO] - === download completed === (get_data.py:15)
[2020-03-07 14:14:58,284] - [root] - [INFO] - Request body: {"events":[{"type":"message","replyToken":"a5f99f4129bf4836ad3e3caf2feb37b0","source":{"userId":"Uf0d2e5bfb1c93112be0b3694df2809e8","type":"user"},"timestamp":1583561697656,"mode":"active","message":{"type":"location","id":"11554829524462","address":"710台灣台南市永康區富強路一段185巷10弄15號","latitude":23.018135,"longitude":120.273501}}],"destination":"Ua9f72327eeedbeb34857615a962e8be9"} (app.py:275)
[2020-03-07 14:14:58,286] - [root] - [INFO] - User: Uf0d2e5bfb1c93112be0b3694df2809e8 (app.py:292)
[2020-03-07 14:14:58,287] - [root] - [INFO] - message type: location (app.py:293)
[2020-03-07 14:14:58,288] - [root] - [INFO] - source type: user (app.py:294)
[2020-03-07 14:16:24,843] - [root] - [INFO] - Request body: {"events":[{"type":"message","replyToken":"87ad61ff2676457ebb5deba9df27ccc6","source":{"userId":"Uf0d2e5bfb1c93112be0b3694df2809e8","type":"user"},"timestamp":1583561784000,"mode":"active","message":{"type":"location","id":"11554835525732","address":"710台灣台南市永康區富強路一段185巷10弄15號","latitude":23.018133,"longitude":120.273493}}],"destination":"Ua9f72327eeedbeb34857615a962e8be9"} (app.py:275)
[2020-03-07 14:16:24,848] - [root] - [INFO] - User: Uf0d2e5bfb1c93112be0b3694df2809e8 (app.py:292)
[2020-03-07 14:16:24,849] - [root] - [INFO] - message type: location (app.py:293)
[2020-03-07 14:16:24,850] - [root] - [INFO] - source type: user (app.py:294)
[2020-03-07 14:17:50,200] - [root] - [INFO] - Request body: {"events":[{"type":"message","replyToken":"9b424770f159459d9fa3ddc764d0ad9f","source":{"userId":"Uf0d2e5bfb1c93112be0b3694df2809e8","type":"user"},"timestamp":1583561869387,"mode":"active","message":{"type":"location","id":"11554841463086","address":"710台灣台南市永康區富強路一段185巷10弄15號","latitude":23.018135,"longitude":120.2735}}],"destination":"Ua9f72327eeedbeb34857615a962e8be9"} (app.py:275)
[2020-03-07 14:17:50,201] - [root] - [INFO] - User: Uf0d2e5bfb1c93112be0b3694df2809e8 (app.py:292)
[2020-03-07 14:17:50,201] - [root] - [INFO] - message type: location (app.py:293)
[2020-03-07 14:17:50,202] - [root] - [INFO] - source type: user (app.py:294)
[2020-03-07 14:24:35,705] - [root] - [INFO] - Request body: {"events":[{"type":"message","replyToken":"dc321c3109e846c6b81a9b6b59febeb0","source":{"userId":"Uf0d2e5bfb1c93112be0b3694df2809e8","type":"user"},"timestamp":1583562274830,"mode":"active","message":{"type":"location","id":"11554869581772","address":"710台灣台南市永康區富強路一段185巷10弄15號","latitude":23.018128,"longitude":120.27349}}],"destination":"Ua9f72327eeedbeb34857615a962e8be9"} (app.py:280)
[2020-03-07 14:24:35,706] - [root] - [INFO] - User: Uf0d2e5bfb1c93112be0b3694df2809e8 (app.py:297)
[2020-03-07 14:24:35,707] - [root] - [INFO] - message type: location (app.py:298)
[2020-03-07 14:24:35,707] - [root] - [INFO] - source type: user (app.py:299)
[2020-03-07 14:24:35,730] - [root] - [INFO] - 共找到 2筆資料 (app.py:265)
[2020-03-07 14:25:42,339] - [root] - [INFO] - Request body: {"events":[{"type":"message","replyToken":"cf42cd9c8c5e491e8ddbdc5046fb0f29","source":{"userId":"Uf0d2e5bfb1c93112be0b3694df2809e8","type":"user"},"timestamp":1583562341702,"mode":"active","message":{"type":"text","id":"11554874208476","text":"q"}}],"destination":"Ua9f72327eeedbeb34857615a962e8be9"} (app.py:280)
[2020-03-07 14:25:42,341] - [root] - [INFO] - User: Uf0d2e5bfb1c93112be0b3694df2809e8 (app.py:297)
[2020-03-07 14:25:42,342] - [root] - [INFO] - message type: text (app.py:298)
[2020-03-07 14:25:42,343] - [root] - [INFO] - source type: user (app.py:299)
[2020-03-07 14:25:42,344] - [root] - [INFO] - [other] output qです (app.py:235)
[2020-03-07 14:25:42,345] - [root] - [INFO] - retext size: 3 (app.py:316)
[2020-03-07 14:25:46,181] - [root] - [INFO] - Request body: {"events":[{"type":"message","replyToken":"f3c018547b6546858d6c1cac2bbac6ec","source":{"userId":"Uf0d2e5bfb1c93112be0b3694df2809e8","type":"user"},"timestamp":1583562345545,"mode":"active","message":{"type":"text","id":"11554874472507","text":"mask710"}}],"destination":"Ua9f72327eeedbeb34857615a962e8be9"} (app.py:280)
[2020-03-07 14:25:46,184] - [root] - [INFO] - User: Uf0d2e5bfb1c93112be0b3694df2809e8 (app.py:297)
[2020-03-07 14:25:46,185] - [root] - [INFO] - message type: text (app.py:298)
[2020-03-07 14:25:46,186] - [root] - [INFO] - source type: user (app.py:299)
[2020-03-07 14:25:46,188] - [root] - [INFO] - [call] mask710 (app.py:140)
[2020-03-07 14:25:46,198] - [root] - [INFO] - open tw-zipcode_de.json -> Success (app.py:41)
[2020-03-07 14:25:46,199] - [root] - [INFO] - [get_masks] open maskdata.csv -> Success (app.py:101)
[2020-03-07 14:25:46,207] - [root] - [INFO] - [mask] output 1~10 (app.py:160)
[2020-03-07 14:25:46,208] - [root] - [INFO] - retext size: 881 (app.py:316)
[2020-03-07 14:28:56,405] - [root] - [INFO] - Request body: {"events":[{"type":"message","replyToken":"7183c11be9a0421fabf55d83ca575ba0","source":{"userId":"Uf0d2e5bfb1c93112be0b3694df2809e8","type":"user"},"timestamp":1583562535565,"mode":"active","message":{"type":"text","id":"11554887616344","text":"mask710"}}],"destination":"Ua9f72327eeedbeb34857615a962e8be9"} (app.py:289)
[2020-03-07 14:28:56,410] - [root] - [INFO] - User: Uf0d2e5bfb1c93112be0b3694df2809e8 (app.py:306)
[2020-03-07 14:28:56,410] - [root] - [INFO] - message type: text (app.py:307)
[2020-03-07 14:28:56,411] - [root] - [INFO] - source type: user (app.py:308)
[2020-03-07 14:28:56,415] - [root] - [INFO] - [call] mask710 (app.py:149)
[2020-03-07 14:28:56,416] - [root] - [INFO] - open tw-zipcode_de.json -> Success (app.py:42)
[2020-03-07 14:28:56,417] - [root] - [INFO] - [get_masks] open maskdata.csv -> Success (app.py:104)
[2020-03-07 14:28:56,426] - [root] - [INFO] - [mask] output 1~10 (app.py:169)
[2020-03-07 14:28:56,427] - [root] - [INFO] - retext size: 879 (app.py:325)
[2020-03-07 14:29:29,356] - [root] - [INFO] - Request body: {"events":[{"type":"message","replyToken":"d8333a4d574545678474902388955f48","source":{"userId":"Uf0d2e5bfb1c93112be0b3694df2809e8","type":"user"},"timestamp":1583562568541,"mode":"active","message":{"type":"text","id":"11554889876111","text":"whoami"}}],"destination":"Ua9f72327eeedbeb34857615a962e8be9"} (app.py:289)
[2020-03-07 14:29:29,358] - [root] - [INFO] - User: Uf0d2e5bfb1c93112be0b3694df2809e8 (app.py:306)
[2020-03-07 14:29:29,359] - [root] - [INFO] - message type: text (app.py:307)
[2020-03-07 14:29:29,359] - [root] - [INFO] - source type: user (app.py:308)
[2020-03-07 14:29:29,360] - [root] - [INFO] - [call] whoami (app.py:141)
[2020-03-07 14:29:29,361] - [root] - [INFO] - retext size: 9 (app.py:325)
[2020-03-07 14:29:32,745] - [root] - [INFO] - Request body: {"events":[{"type":"message","replyToken":"dd7fe9d48ea346a0903e3fb144f9d915","source":{"userId":"Uf0d2e5bfb1c93112be0b3694df2809e8","type":"user"},"timestamp":1583562572122,"mode":"active","message":{"type":"text","id":"11554890135945","text":"--help"}}],"destination":"Ua9f72327eeedbeb34857615a962e8be9"} (app.py:289)
[2020-03-07 14:29:32,746] - [root] - [INFO] - User: Uf0d2e5bfb1c93112be0b3694df2809e8 (app.py:306)
[2020-03-07 14:29:32,747] - [root] - [INFO] - message type: text (app.py:307)
[2020-03-07 14:29:32,748] - [root] - [INFO] - source type: user (app.py:308)
[2020-03-07 14:29:32,749] - [root] - [INFO] - [call] --help (app.py:125)
[2020-03-07 14:29:32,750] - [root] - [INFO] - retext size: 191 (app.py:325)
[2020-03-07 14:29:35,033] - [root] - [INFO] - Request body: {"events":[{"type":"message","replyToken":"f6ef0a4900614d27be3c8a7cfa7bca73","source":{"userId":"Uf0d2e5bfb1c93112be0b3694df2809e8","type":"user"},"timestamp":1583562574792,"mode":"active","message":{"type":"text","id":"11554890320648","text":"+"}}],"destination":"Ua9f72327eeedbeb34857615a962e8be9"} (app.py:289)
[2020-03-07 14:29:35,034] - [root] - [INFO] - User: Uf0d2e5bfb1c93112be0b3694df2809e8 (app.py:306)
[2020-03-07 14:29:35,035] - [root] - [INFO] - message type: text (app.py:307)
[2020-03-07 14:29:35,035] - [root] - [INFO] - source type: user (app.py:308)
[2020-03-07 14:29:35,035] - [root] - [INFO] - [+] output 11~20 (app.py:202)
[2020-03-07 14:29:35,036] - [root] - [INFO] - retext size: 896 (app.py:325)
[2020-03-07 14:29:37,037] - [root] - [INFO] - Request body: {"events":[{"type":"message","replyToken":"1a7acf986c7d47e7bd99697efe5156b8","source":{"userId":"Uf0d2e5bfb1c93112be0b3694df2809e8","type":"user"},"timestamp":1583562576398,"mode":"active","message":{"type":"text","id":"11554890431801","text":"+"}}],"destination":"Ua9f72327eeedbeb34857615a962e8be9"} (app.py:289)
[2020-03-07 14:29:37,037] - [root] - [INFO] - User: Uf0d2e5bfb1c93112be0b3694df2809e8 (app.py:306)
[2020-03-07 14:29:37,038] - [root] - [INFO] - message type: text (app.py:307)
[2020-03-07 14:29:37,038] - [root] - [INFO] - source type: user (app.py:308)
[2020-03-07 14:29:37,038] - [root] - [INFO] - [+] output 21~30 (app.py:202)
[2020-03-07 14:29:37,039] - [root] - [INFO] - retext size: 904 (app.py:325)
[2020-03-07 14:29:38,087] - [root] - [INFO] - Request body: {"events":[{"type":"message","replyToken":"7b3beb25f97e4965a156763b7b2da620","source":{"userId":"Uf0d2e5bfb1c93112be0b3694df2809e8","type":"user"},"timestamp":1583562577841,"mode":"active","message":{"type":"text","id":"11554890532024","text":"+"}}],"destination":"Ua9f72327eeedbeb34857615a962e8be9"} (app.py:289)
[2020-03-07 14:29:38,088] - [root] - [INFO] - User: Uf0d2e5bfb1c93112be0b3694df2809e8 (app.py:306)
[2020-03-07 14:29:38,088] - [root] - [INFO] - message type: text (app.py:307)
[2020-03-07 14:29:38,089] - [root] - [INFO] - source type: user (app.py:308)
[2020-03-07 14:29:38,089] - [root] - [INFO] - [+] output 31~40 (app.py:202)
[2020-03-07 14:29:38,090] - [root] - [INFO] - retext size: 910 (app.py:325)
[2020-03-07 14:29:39,365] - [root] - [INFO] - Request body: {"events":[{"type":"message","replyToken":"763a2e08cfec41e181722f6240a98990","source":{"userId":"Uf0d2e5bfb1c93112be0b3694df2809e8","type":"user"},"timestamp":1583562578731,"mode":"active","message":{"type":"text","id":"11554890593065","text":"+"}}],"destination":"Ua9f72327eeedbeb34857615a962e8be9"} (app.py:289)
[2020-03-07 14:29:39,366] - [root] - [INFO] - User: Uf0d2e5bfb1c93112be0b3694df2809e8 (app.py:306)
[2020-03-07 14:29:39,367] - [root] - [INFO] - message type: text (app.py:307)
[2020-03-07 14:29:39,367] - [root] - [INFO] - source type: user (app.py:308)
[2020-03-07 14:29:39,368] - [root] - [INFO] - [+] output 41~50 (app.py:202)
[2020-03-07 14:29:39,369] - [root] - [INFO] - retext size: 877 (app.py:325)
[2020-03-07 14:29:40,211] - [root] - [INFO] - Request body: {"events":[{"type":"message","replyToken":"1b5627f7e6c54adb94a00b106dc7ede7","source":{"userId":"Uf0d2e5bfb1c93112be0b3694df2809e8","type":"user"},"timestamp":1583562579955,"mode":"active","message":{"type":"text","id":"11554890678360","text":"+"}}],"destination":"Ua9f72327eeedbeb34857615a962e8be9"} (app.py:289)
[2020-03-07 14:29:40,212] - [root] - [INFO] - User: Uf0d2e5bfb1c93112be0b3694df2809e8 (app.py:306)
[2020-03-07 14:29:40,213] - [root] - [INFO] - message type: text (app.py:307)
[2020-03-07 14:29:40,213] - [root] - [INFO] - source type: user (app.py:308)
[2020-03-07 14:29:40,214] - [root] - [INFO] - [+] output 51~60 (app.py:202)
[2020-03-07 14:29:40,214] - [root] - [INFO] - retext size: 883 (app.py:325)
[2020-03-07 14:29:42,001] - [root] - [INFO] - Request body: {"events":[{"type":"message","replyToken":"59bf3dcc192949759924bd0ddf6e47e9","source":{"userId":"Uf0d2e5bfb1c93112be0b3694df2809e8","type":"user"},"timestamp":1583562581385,"mode":"active","message":{"type":"text","id":"11554890775305","text":"+"}}],"destination":"Ua9f72327eeedbeb34857615a962e8be9"} (app.py:289)
[2020-03-07 14:29:42,002] - [root] - [INFO] - User: Uf0d2e5bfb1c93112be0b3694df2809e8 (app.py:306)
[2020-03-07 14:29:42,003] - [root] - [INFO] - message type: text (app.py:307)
[2020-03-07 14:29:42,003] - [root] - [INFO] - source type: user (app.py:308)
[2020-03-07 14:29:42,004] - [root] - [INFO] - [+] output 61~70 (app.py:202)
[2020-03-07 14:29:42,004] - [root] - [INFO] - retext size: 865 (app.py:325)
[2020-03-07 14:29:42,857] - [root] - [INFO] - Request body: {"events":[{"type":"message","replyToken":"ee5f925660a546389d56d1c9b2b73bd7","source":{"userId":"Uf0d2e5bfb1c93112be0b3694df2809e8","type":"user"},"timestamp":1583562582622,"mode":"active","message":{"type":"text","id":"11554890858121","text":"+"}}],"destination":"Ua9f72327eeedbeb34857615a962e8be9"} (app.py:289)
[2020-03-07 14:29:42,858] - [root] - [INFO] - User: Uf0d2e5bfb1c93112be0b3694df2809e8 (app.py:306)
[2020-03-07 14:29:42,859] - [root] - [INFO] - message type: text (app.py:307)
[2020-03-07 14:29:42,859] - [root] - [INFO] - source type: user (app.py:308)
[2020-03-07 14:29:42,860] - [root] - [INFO] - [+] output 71~78 (app.py:205)
[2020-03-07 14:29:42,860] - [root] - [INFO] - retext size: 704 (app.py:325)
[2020-03-07 14:29:44,555] - [root] - [INFO] - Request body: {"events":[{"type":"message","replyToken":"d5b51b815bb14279805564d2f9eb9e97","source":{"userId":"Uf0d2e5bfb1c93112be0b3694df2809e8","type":"user"},"timestamp":1583562583943,"mode":"active","message":{"type":"text","id":"11554890947370","text":"+"}}],"destination":"Ua9f72327eeedbeb34857615a962e8be9"} (app.py:289)
[2020-03-07 14:29:44,556] - [root] - [INFO] - User: Uf0d2e5bfb1c93112be0b3694df2809e8 (app.py:306)
[2020-03-07 14:29:44,556] - [root] - [INFO] - message type: text (app.py:307)
[2020-03-07 14:29:44,557] - [root] - [INFO] - source type: user (app.py:308)
[2020-03-07 14:29:44,557] - [root] - [INFO] - [+] no other data (app.py:196)
[2020-03-07 14:29:44,557] - [root] - [INFO] - retext size: 8 (app.py:325)
[2020-03-07 14:29:46,778] - [root] - [INFO] - Request body: {"events":[{"type":"message","replyToken":"2fe70e2aae52467f8d1ad74e0024d2a9","source":{"userId":"Uf0d2e5bfb1c93112be0b3694df2809e8","type":"user"},"timestamp":1583562586150,"mode":"active","message":{"type":"text","id":"11554891103033","text":"+"}}],"destination":"Ua9f72327eeedbeb34857615a962e8be9"} (app.py:289)
[2020-03-07 14:29:46,781] - [root] - [INFO] - User: Uf0d2e5bfb1c93112be0b3694df2809e8 (app.py:306)
[2020-03-07 14:29:46,782] - [root] - [INFO] - message type: text (app.py:307)
[2020-03-07 14:29:46,783] - [root] - [INFO] - source type: user (app.py:308)
[2020-03-07 14:29:46,784] - [root] - [WARNING] - [+] no area data (app.py:192)
[2020-03-07 14:29:46,786] - [root] - [INFO] - retext size: 48 (app.py:325)
[2020-03-07 14:29:55,342] - [root] - [INFO] - Request body: {"events":[{"type":"message","replyToken":"9df92c45431d4184aca20447c777dab3","source":{"userId":"Uf0d2e5bfb1c93112be0b3694df2809e8","type":"user"},"timestamp":1583562594707,"mode":"active","message":{"type":"text","id":"11554891695213","text":"zipcode台南市永康區"}}],"destination":"Ua9f72327eeedbeb34857615a962e8be9"} (app.py:289)
[2020-03-07 14:29:55,343] - [root] - [INFO] - User: Uf0d2e5bfb1c93112be0b3694df2809e8 (app.py:306)
[2020-03-07 14:29:55,344] - [root] - [INFO] - message type: text (app.py:307)
[2020-03-07 14:29:55,344] - [root] - [INFO] - source type: user (app.py:308)
[2020-03-07 14:29:55,353] - [root] - [INFO] - [zipcode] open tw-zipcode.json -> Success (app.py:220)
[2020-03-07 14:29:55,354] - [root] - [INFO] - [zipcode] output 710 (app.py:234)
[2020-03-07 14:29:55,354] - [root] - [INFO] - retext size: 17 (app.py:325)
